\BOOKMARK [1][]{section*.2}{List of Figures}{}% 1
\BOOKMARK [1][]{section*.3}{List of Tables}{}% 2
\BOOKMARK [1][]{section.1}{Introduction}{}% 3
\BOOKMARK [1][]{section.2}{Problem Statement}{}% 4
\BOOKMARK [1][]{section.3}{Related Work}{}% 5
\BOOKMARK [2][]{subsection.3.1}{TODO}{section.3}% 6
\BOOKMARK [1][]{section.4}{Approach}{}% 7
\BOOKMARK [2][]{subsection.4.1}{Overview}{section.4}% 8
\BOOKMARK [2][]{subsection.4.2}{Software}{section.4}% 9
\BOOKMARK [2][]{subsection.4.3}{Hardware}{section.4}% 10
\BOOKMARK [2][]{subsection.4.4}{Approach One}{section.4}% 11
\BOOKMARK [3][]{subsubsection.4.4.1}{Architecture}{subsection.4.4}% 12
\BOOKMARK [3][]{subsubsection.4.4.2}{Method}{subsection.4.4}% 13
\BOOKMARK [1][]{section.5}{Experimental Evaluation}{}% 14
\BOOKMARK [2][]{subsection.5.1}{Hardware Setup}{section.5}% 15
\BOOKMARK [2][]{subsection.5.2}{Evaluation Criteria}{section.5}% 16
\BOOKMARK [2][]{subsection.5.3}{Experiments}{section.5}% 17
\BOOKMARK [3][]{subsubsection.5.3.1}{Experiment One}{subsection.5.3}% 18
\BOOKMARK [1][]{section.6}{Conclusion}{}% 19
\BOOKMARK [1][]{section.7}{Future Work}{}% 20
\BOOKMARK [1][]{section.8}{Appendix}{}% 21
\BOOKMARK [2][]{subsection.8.1}{Software and Tools}{section.8}% 22
